<?xml version="1.0" ?>
<!DOCTYPE coverage SYSTEM "http://cobertura.sourceforge.net/xml/coverage-04.dtd">
<coverage lines-valid="770" lines-covered="743" line-rate="0.9649" branches-valid="64" branches-covered="54" branch-rate="0.8437" timestamp="1752984837657" complexity="0" version="0.1">
  <sources>
    <source>/workspaces/raindancers-cdk</source>
  </sources>
  <packages>
    <package name="main" line-rate="0.9649" branch-rate="0.8437">
      <classes>
        <class name="firewall.ts" filename="src/network/nwfirewall/firewall.ts" line-rate="1" branch-rate="1">
          <methods>
            <method name="NetworkFirewall" hits="4" signature="()V">
              <lines>
                <line number="106" hits="4"/>
              </lines>
            </method>
          </methods>
          <lines>
            <line number="1" hits="1" branch="false"/>
            <line number="2" hits="1" branch="false"/>
            <line number="3" hits="1" branch="false"/>
            <line number="4" hits="1" branch="false"/>
            <line number="5" hits="1" branch="false"/>
            <line number="6" hits="1" branch="false"/>
            <line number="7" hits="1" branch="false"/>
            <line number="8" hits="1" branch="false"/>
            <line number="9" hits="1" branch="false"/>
            <line number="10" hits="1" branch="false"/>
            <line number="11" hits="1" branch="true" condition-coverage="100% (1/1)"/>
            <line number="12" hits="1" branch="false"/>
            <line number="13" hits="1" branch="false"/>
            <line number="14" hits="1" branch="false"/>
            <line number="15" hits="1" branch="false"/>
            <line number="16" hits="1" branch="false"/>
            <line number="17" hits="1" branch="false"/>
            <line number="18" hits="1" branch="false"/>
            <line number="19" hits="1" branch="false"/>
            <line number="20" hits="1" branch="false"/>
            <line number="21" hits="1" branch="false"/>
            <line number="22" hits="1" branch="false"/>
            <line number="23" hits="1" branch="false"/>
            <line number="24" hits="1" branch="false"/>
            <line number="25" hits="1" branch="false"/>
            <line number="26" hits="1" branch="false"/>
            <line number="27" hits="1" branch="false"/>
            <line number="28" hits="1" branch="false"/>
            <line number="29" hits="1" branch="false"/>
            <line number="30" hits="1" branch="false"/>
            <line number="31" hits="1" branch="false"/>
            <line number="32" hits="1" branch="false"/>
            <line number="33" hits="1" branch="false"/>
            <line number="34" hits="1" branch="false"/>
            <line number="35" hits="1" branch="false"/>
            <line number="36" hits="1" branch="false"/>
            <line number="37" hits="1" branch="false"/>
            <line number="38" hits="1" branch="false"/>
            <line number="39" hits="1" branch="false"/>
            <line number="40" hits="1" branch="false"/>
            <line number="41" hits="1" branch="false"/>
            <line number="42" hits="1" branch="false"/>
            <line number="43" hits="1" branch="false"/>
            <line number="44" hits="1" branch="false"/>
            <line number="45" hits="1" branch="false"/>
            <line number="46" hits="1" branch="false"/>
            <line number="47" hits="1" branch="false"/>
            <line number="48" hits="1" branch="false"/>
            <line number="49" hits="1" branch="false"/>
            <line number="50" hits="1" branch="false"/>
            <line number="51" hits="1" branch="false"/>
            <line number="52" hits="1" branch="false"/>
            <line number="53" hits="1" branch="false"/>
            <line number="54" hits="1" branch="false"/>
            <line number="55" hits="1" branch="false"/>
            <line number="56" hits="1" branch="false"/>
            <line number="57" hits="1" branch="false"/>
            <line number="58" hits="1" branch="false"/>
            <line number="59" hits="1" branch="false"/>
            <line number="60" hits="1" branch="false"/>
            <line number="61" hits="1" branch="false"/>
            <line number="62" hits="1" branch="false"/>
            <line number="63" hits="1" branch="false"/>
            <line number="64" hits="1" branch="false"/>
            <line number="65" hits="1" branch="false"/>
            <line number="66" hits="1" branch="false"/>
            <line number="67" hits="1" branch="false"/>
            <line number="68" hits="1" branch="false"/>
            <line number="69" hits="1" branch="false"/>
            <line number="70" hits="1" branch="false"/>
            <line number="71" hits="1" branch="false"/>
            <line number="72" hits="1" branch="false"/>
            <line number="73" hits="1" branch="false"/>
            <line number="74" hits="1" branch="false"/>
            <line number="75" hits="1" branch="false"/>
            <line number="76" hits="1" branch="false"/>
            <line number="77" hits="1" branch="false"/>
            <line number="78" hits="1" branch="false"/>
            <line number="79" hits="1" branch="false"/>
            <line number="80" hits="1" branch="false"/>
            <line number="81" hits="1" branch="false"/>
            <line number="82" hits="1" branch="false"/>
            <line number="83" hits="1" branch="false"/>
            <line number="84" hits="1" branch="false"/>
            <line number="85" hits="1" branch="false"/>
            <line number="86" hits="1" branch="false"/>
            <line number="87" hits="1" branch="false"/>
            <line number="88" hits="1" branch="false"/>
            <line number="89" hits="1" branch="false"/>
            <line number="90" hits="1" branch="false"/>
            <line number="91" hits="1" branch="false"/>
            <line number="92" hits="1" branch="false"/>
            <line number="93" hits="1" branch="false"/>
            <line number="94" hits="1" branch="false"/>
            <line number="95" hits="1" branch="false"/>
            <line number="96" hits="1" branch="false"/>
            <line number="97" hits="1" branch="false"/>
            <line number="98" hits="1" branch="false"/>
            <line number="99" hits="1" branch="false"/>
            <line number="100" hits="1" branch="false"/>
            <line number="101" hits="1" branch="false"/>
            <line number="102" hits="1" branch="false"/>
            <line number="103" hits="1" branch="false"/>
            <line number="104" hits="1" branch="false"/>
            <line number="105" hits="1" branch="false"/>
            <line number="106" hits="1" branch="true" condition-coverage="100% (1/1)"/>
            <line number="107" hits="4" branch="false"/>
            <line number="108" hits="4" branch="false"/>
            <line number="109" hits="4" branch="false"/>
            <line number="110" hits="4" branch="true" condition-coverage="100% (1/1)"/>
            <line number="111" hits="8" branch="false"/>
            <line number="112" hits="8" branch="false"/>
            <line number="113" hits="8" branch="false"/>
            <line number="114" hits="8" branch="true" condition-coverage="100% (2/2)"/>
            <line number="115" hits="8" branch="false"/>
            <line number="116" hits="8" branch="false"/>
            <line number="117" hits="4" branch="false"/>
            <line number="118" hits="4" branch="false"/>
            <line number="119" hits="4" branch="false"/>
            <line number="120" hits="4" branch="false"/>
            <line number="121" hits="4" branch="false"/>
            <line number="122" hits="4" branch="false"/>
            <line number="123" hits="4" branch="false"/>
            <line number="124" hits="4" branch="false"/>
            <line number="125" hits="4" branch="false"/>
            <line number="126" hits="4" branch="false"/>
            <line number="127" hits="4" branch="false"/>
            <line number="128" hits="4" branch="false"/>
            <line number="129" hits="4" branch="false"/>
            <line number="130" hits="4" branch="false"/>
            <line number="131" hits="4" branch="false"/>
            <line number="132" hits="4" branch="false"/>
            <line number="133" hits="4" branch="false"/>
            <line number="134" hits="4" branch="false"/>
            <line number="135" hits="4" branch="false"/>
            <line number="136" hits="4" branch="false"/>
            <line number="137" hits="4" branch="false"/>
            <line number="138" hits="4" branch="false"/>
            <line number="139" hits="4" branch="false"/>
            <line number="140" hits="4" branch="false"/>
            <line number="141" hits="4" branch="false"/>
            <line number="142" hits="4" branch="false"/>
            <line number="143" hits="4" branch="false"/>
            <line number="144" hits="4" branch="false"/>
            <line number="145" hits="4" branch="false"/>
            <line number="146" hits="4" branch="false"/>
            <line number="147" hits="4" branch="false"/>
            <line number="148" hits="4" branch="false"/>
            <line number="149" hits="4" branch="false"/>
            <line number="150" hits="4" branch="false"/>
            <line number="151" hits="4" branch="false"/>
            <line number="152" hits="4" branch="false"/>
            <line number="153" hits="4" branch="false"/>
            <line number="154" hits="4" branch="false"/>
            <line number="155" hits="4" branch="false"/>
            <line number="156" hits="4" branch="false"/>
            <line number="157" hits="4" branch="false"/>
            <line number="158" hits="4" branch="false"/>
            <line number="159" hits="4" branch="false"/>
            <line number="160" hits="4" branch="false"/>
            <line number="161" hits="4" branch="false"/>
            <line number="162" hits="4" branch="false"/>
            <line number="163" hits="4" branch="false"/>
            <line number="164" hits="4" branch="false"/>
            <line number="165" hits="4" branch="false"/>
            <line number="166" hits="4" branch="false"/>
            <line number="167" hits="1" branch="false"/>
            <line number="168" hits="1" branch="false"/>
          </lines>
        </class>
        <class name="firewallEndPoints.ts" filename="src/network/nwfirewall/firewallEndPoints.ts" line-rate="1" branch-rate="1">
          <methods>
          </methods>
          <lines>
            <line number="1" hits="1" branch="false"/>
            <line number="2" hits="1" branch="false"/>
            <line number="3" hits="1" branch="false"/>
            <line number="4" hits="1" branch="false"/>
          </lines>
        </class>
        <class name="firewallPolicy.ts" filename="src/network/nwfirewall/firewallPolicy.ts" line-rate="0.9264" branch-rate="0.7619">
          <methods>
            <method name="FirewallPolicy" hits="5" signature="()V">
              <lines>
                <line number="132" hits="5"/>
              </lines>
            </method>
            <method name="addManagedStatefulRules" hits="1" signature="()V">
              <lines>
                <line number="150" hits="1"/>
              </lines>
            </method>
            <method name="addStatelessRuleGroup" hits="1" signature="()V">
              <lines>
                <line number="171" hits="1"/>
              </lines>
            </method>
            <method name="addStatefulRules" hits="1" signature="()V">
              <lines>
                <line number="205" hits="1"/>
              </lines>
            </method>
            <method name="addTLSInspection" hits="1" signature="()V">
              <lines>
                <line number="243" hits="1"/>
              </lines>
            </method>
            <method name="StatelessRule" hits="8" signature="()V">
              <lines>
                <line number="276" hits="8"/>
              </lines>
            </method>
            <method name="checkports" hits="10" signature="()V">
              <lines>
                <line number="323" hits="10"/>
              </lines>
            </method>
          </methods>
          <lines>
            <line number="1" hits="1" branch="false"/>
            <line number="2" hits="1" branch="false"/>
            <line number="3" hits="1" branch="false"/>
            <line number="4" hits="1" branch="false"/>
            <line number="5" hits="1" branch="false"/>
            <line number="6" hits="1" branch="false"/>
            <line number="7" hits="1" branch="false"/>
            <line number="8" hits="1" branch="false"/>
            <line number="9" hits="1" branch="false"/>
            <line number="10" hits="1" branch="false"/>
            <line number="11" hits="2" branch="true" condition-coverage="100% (1/1)"/>
            <line number="12" hits="2" branch="false"/>
            <line number="13" hits="2" branch="false"/>
            <line number="14" hits="2" branch="false"/>
            <line number="15" hits="2" branch="false"/>
            <line number="16" hits="1" branch="false"/>
            <line number="17" hits="2" branch="true" condition-coverage="100% (1/1)"/>
            <line number="18" hits="2" branch="false"/>
            <line number="19" hits="2" branch="false"/>
            <line number="20" hits="2" branch="false"/>
            <line number="21" hits="2" branch="false"/>
            <line number="22" hits="2" branch="false"/>
            <line number="23" hits="1" branch="false"/>
            <line number="24" hits="2" branch="true" condition-coverage="100% (1/1)"/>
            <line number="25" hits="2" branch="false"/>
            <line number="26" hits="2" branch="false"/>
            <line number="27" hits="2" branch="false"/>
            <line number="28" hits="2" branch="false"/>
            <line number="29" hits="2" branch="false"/>
            <line number="30" hits="1" branch="false"/>
            <line number="31" hits="1" branch="false"/>
            <line number="32" hits="2" branch="true" condition-coverage="100% (1/1)"/>
            <line number="33" hits="2" branch="false"/>
            <line number="34" hits="2" branch="false"/>
            <line number="35" hits="2" branch="false"/>
            <line number="36" hits="2" branch="false"/>
            <line number="37" hits="2" branch="false"/>
            <line number="38" hits="2" branch="false"/>
            <line number="39" hits="2" branch="false"/>
            <line number="40" hits="2" branch="false"/>
            <line number="41" hits="2" branch="false"/>
            <line number="42" hits="2" branch="false"/>
            <line number="43" hits="2" branch="false"/>
            <line number="44" hits="2" branch="false"/>
            <line number="45" hits="2" branch="false"/>
            <line number="46" hits="2" branch="false"/>
            <line number="47" hits="2" branch="false"/>
            <line number="48" hits="2" branch="false"/>
            <line number="49" hits="2" branch="false"/>
            <line number="50" hits="2" branch="false"/>
            <line number="51" hits="2" branch="false"/>
            <line number="52" hits="2" branch="false"/>
            <line number="53" hits="2" branch="false"/>
            <line number="54" hits="1" branch="false"/>
            <line number="55" hits="1" branch="false"/>
            <line number="56" hits="1" branch="false"/>
            <line number="57" hits="1" branch="false"/>
            <line number="58" hits="1" branch="false"/>
            <line number="59" hits="1" branch="false"/>
            <line number="60" hits="1" branch="false"/>
            <line number="61" hits="1" branch="false"/>
            <line number="62" hits="1" branch="false"/>
            <line number="63" hits="1" branch="false"/>
            <line number="64" hits="1" branch="false"/>
            <line number="65" hits="1" branch="false"/>
            <line number="66" hits="1" branch="false"/>
            <line number="67" hits="1" branch="false"/>
            <line number="68" hits="1" branch="false"/>
            <line number="69" hits="1" branch="false"/>
            <line number="70" hits="1" branch="false"/>
            <line number="71" hits="1" branch="false"/>
            <line number="72" hits="2" branch="true" condition-coverage="100% (1/1)"/>
            <line number="73" hits="2" branch="false"/>
            <line number="74" hits="2" branch="false"/>
            <line number="75" hits="2" branch="false"/>
            <line number="76" hits="1" branch="false"/>
            <line number="77" hits="2" branch="true" condition-coverage="100% (1/1)"/>
            <line number="78" hits="2" branch="false"/>
            <line number="79" hits="2" branch="false"/>
            <line number="80" hits="2" branch="false"/>
            <line number="81" hits="2" branch="false"/>
            <line number="82" hits="1" branch="false"/>
            <line number="83" hits="2" branch="true" condition-coverage="100% (1/1)"/>
            <line number="84" hits="2" branch="false"/>
            <line number="85" hits="2" branch="false"/>
            <line number="86" hits="2" branch="false"/>
            <line number="87" hits="2" branch="false"/>
            <line number="88" hits="2" branch="false"/>
            <line number="89" hits="1" branch="false"/>
            <line number="90" hits="1" branch="false"/>
            <line number="91" hits="1" branch="false"/>
            <line number="92" hits="1" branch="false"/>
            <line number="93" hits="1" branch="false"/>
            <line number="94" hits="1" branch="false"/>
            <line number="95" hits="1" branch="false"/>
            <line number="96" hits="1" branch="false"/>
            <line number="97" hits="1" branch="false"/>
            <line number="98" hits="1" branch="false"/>
            <line number="99" hits="1" branch="false"/>
            <line number="100" hits="1" branch="false"/>
            <line number="101" hits="1" branch="false"/>
            <line number="102" hits="1" branch="false"/>
            <line number="103" hits="1" branch="false"/>
            <line number="104" hits="1" branch="false"/>
            <line number="105" hits="1" branch="false"/>
            <line number="106" hits="1" branch="false"/>
            <line number="107" hits="1" branch="false"/>
            <line number="108" hits="1" branch="false"/>
            <line number="109" hits="1" branch="false"/>
            <line number="110" hits="1" branch="false"/>
            <line number="111" hits="1" branch="false"/>
            <line number="112" hits="1" branch="false"/>
            <line number="113" hits="1" branch="false"/>
            <line number="114" hits="1" branch="false"/>
            <line number="115" hits="1" branch="false"/>
            <line number="116" hits="1" branch="false"/>
            <line number="117" hits="1" branch="false"/>
            <line number="118" hits="1" branch="false"/>
            <line number="119" hits="1" branch="false"/>
            <line number="120" hits="1" branch="false"/>
            <line number="121" hits="1" branch="false"/>
            <line number="122" hits="1" branch="false"/>
            <line number="123" hits="1" branch="false"/>
            <line number="124" hits="1" branch="false"/>
            <line number="125" hits="1" branch="false"/>
            <line number="126" hits="1" branch="false"/>
            <line number="127" hits="1" branch="false"/>
            <line number="128" hits="1" branch="false"/>
            <line number="129" hits="1" branch="false"/>
            <line number="130" hits="1" branch="false"/>
            <line number="131" hits="1" branch="false"/>
            <line number="132" hits="1" branch="true" condition-coverage="100% (1/1)"/>
            <line number="133" hits="5" branch="false"/>
            <line number="134" hits="5" branch="false"/>
            <line number="135" hits="5" branch="false"/>
            <line number="136" hits="5" branch="false"/>
            <line number="137" hits="5" branch="false"/>
            <line number="138" hits="5" branch="false"/>
            <line number="139" hits="5" branch="false"/>
            <line number="140" hits="5" branch="false"/>
            <line number="141" hits="5" branch="false"/>
            <line number="142" hits="5" branch="false"/>
            <line number="143" hits="5" branch="false"/>
            <line number="144" hits="5" branch="false"/>
            <line number="145" hits="5" branch="false"/>
            <line number="146" hits="5" branch="false"/>
            <line number="147" hits="5" branch="false"/>
            <line number="148" hits="1" branch="false"/>
            <line number="149" hits="1" branch="false"/>
            <line number="150" hits="1" branch="true" condition-coverage="100% (1/1)"/>
            <line number="151" hits="1" branch="true" condition-coverage="100% (1/1)"/>
            <line number="152" hits="2" branch="false"/>
            <line number="153" hits="2" branch="true" condition-coverage="100% (1/1)"/>
            <line number="154" hits="1" branch="false"/>
            <line number="155" hits="1" branch="false"/>
            <line number="156" hits="1" branch="false"/>
            <line number="157" hits="1" branch="false"/>
            <line number="158" hits="1" branch="false"/>
            <line number="159" hits="1" branch="false"/>
            <line number="160" hits="1" branch="false"/>
            <line number="161" hits="1" branch="false"/>
            <line number="162" hits="1" branch="false"/>
            <line number="163" hits="1" branch="false"/>
            <line number="164" hits="1" branch="false"/>
            <line number="165" hits="1" branch="false"/>
            <line number="166" hits="1" branch="false"/>
            <line number="167" hits="1" branch="false"/>
            <line number="168" hits="1" branch="false"/>
            <line number="169" hits="1" branch="false"/>
            <line number="170" hits="1" branch="false"/>
            <line number="171" hits="1" branch="true" condition-coverage="100% (1/1)"/>
            <line number="172" hits="1" branch="false"/>
            <line number="173" hits="1" branch="false"/>
            <line number="174" hits="1" branch="true" condition-coverage="0% (0/1)"/>
            <line number="175" hits="1" branch="false"/>
            <line number="176" hits="1" branch="false"/>
            <line number="177" hits="1" branch="false"/>
            <line number="178" hits="1" branch="false"/>
            <line number="179" hits="1" branch="false"/>
            <line number="180" hits="1" branch="false"/>
            <line number="181" hits="1" branch="false"/>
            <line number="182" hits="1" branch="false"/>
            <line number="183" hits="1" branch="false"/>
            <line number="184" hits="1" branch="false"/>
            <line number="185" hits="1" branch="false"/>
            <line number="186" hits="1" branch="false"/>
            <line number="187" hits="1" branch="true" condition-coverage="0% (0/1)"/>
            <line number="188" hits="0" branch="false"/>
            <line number="189" hits="0" branch="false"/>
            <line number="190" hits="0" branch="false"/>
            <line number="191" hits="0" branch="false"/>
            <line number="192" hits="0" branch="false"/>
            <line number="193" hits="0" branch="false"/>
            <line number="194" hits="1" branch="false"/>
            <line number="195" hits="1" branch="false"/>
            <line number="196" hits="1" branch="false"/>
            <line number="197" hits="1" branch="false"/>
            <line number="198" hits="1" branch="false"/>
            <line number="199" hits="1" branch="false"/>
            <line number="200" hits="1" branch="false"/>
            <line number="201" hits="1" branch="false"/>
            <line number="202" hits="1" branch="false"/>
            <line number="203" hits="1" branch="false"/>
            <line number="204" hits="1" branch="false"/>
            <line number="205" hits="1" branch="true" condition-coverage="100% (1/1)"/>
            <line number="206" hits="1" branch="false"/>
            <line number="207" hits="1" branch="false"/>
            <line number="208" hits="1" branch="false"/>
            <line number="209" hits="1" branch="true" condition-coverage="0% (0/1)"/>
            <line number="210" hits="1" branch="false"/>
            <line number="211" hits="1" branch="false"/>
            <line number="212" hits="1" branch="false"/>
            <line number="213" hits="1" branch="false"/>
            <line number="214" hits="1" branch="false"/>
            <line number="215" hits="1" branch="false"/>
            <line number="216" hits="1" branch="false"/>
            <line number="217" hits="1" branch="false"/>
            <line number="218" hits="1" branch="false"/>
            <line number="219" hits="1" branch="false"/>
            <line number="220" hits="1" branch="false"/>
            <line number="221" hits="1" branch="false"/>
            <line number="222" hits="1" branch="false"/>
            <line number="223" hits="1" branch="true" condition-coverage="0% (0/1)"/>
            <line number="224" hits="0" branch="false"/>
            <line number="225" hits="0" branch="false"/>
            <line number="226" hits="0" branch="false"/>
            <line number="227" hits="0" branch="false"/>
            <line number="228" hits="0" branch="false"/>
            <line number="229" hits="0" branch="false"/>
            <line number="230" hits="1" branch="false"/>
            <line number="231" hits="1" branch="false"/>
            <line number="232" hits="1" branch="false"/>
            <line number="233" hits="1" branch="false"/>
            <line number="234" hits="1" branch="false"/>
            <line number="235" hits="1" branch="false"/>
            <line number="236" hits="1" branch="false"/>
            <line number="237" hits="1" branch="false"/>
            <line number="238" hits="1" branch="false"/>
            <line number="239" hits="1" branch="false"/>
            <line number="240" hits="1" branch="false"/>
            <line number="241" hits="1" branch="false"/>
            <line number="242" hits="1" branch="false"/>
            <line number="243" hits="1" branch="true" condition-coverage="100% (1/1)"/>
            <line number="244" hits="1" branch="false"/>
            <line number="245" hits="1" branch="false"/>
            <line number="246" hits="1" branch="false"/>
            <line number="247" hits="1" branch="false"/>
            <line number="248" hits="1" branch="false"/>
            <line number="249" hits="1" branch="false"/>
            <line number="250" hits="2" branch="true" condition-coverage="100% (1/1)"/>
            <line number="251" hits="2" branch="false"/>
            <line number="252" hits="2" branch="false"/>
            <line number="253" hits="2" branch="false"/>
            <line number="254" hits="1" branch="false"/>
            <line number="255" hits="2" branch="true" condition-coverage="100% (1/1)"/>
            <line number="256" hits="2" branch="false"/>
            <line number="257" hits="2" branch="false"/>
            <line number="258" hits="2" branch="false"/>
            <line number="259" hits="1" branch="false"/>
            <line number="260" hits="1" branch="false"/>
            <line number="261" hits="1" branch="false"/>
            <line number="262" hits="1" branch="false"/>
            <line number="263" hits="1" branch="false"/>
            <line number="264" hits="1" branch="false"/>
            <line number="265" hits="1" branch="false"/>
            <line number="266" hits="1" branch="false"/>
            <line number="267" hits="1" branch="false"/>
            <line number="268" hits="1" branch="false"/>
            <line number="269" hits="1" branch="false"/>
            <line number="270" hits="1" branch="false"/>
            <line number="271" hits="1" branch="false"/>
            <line number="272" hits="1" branch="false"/>
            <line number="273" hits="1" branch="false"/>
            <line number="274" hits="1" branch="false"/>
            <line number="275" hits="1" branch="false"/>
            <line number="276" hits="1" branch="true" condition-coverage="100% (1/1)"/>
            <line number="277" hits="8" branch="false"/>
            <line number="278" hits="8" branch="false"/>
            <line number="279" hits="8" branch="false"/>
            <line number="280" hits="8" branch="false"/>
            <line number="281" hits="8" branch="false"/>
            <line number="282" hits="8" branch="true" condition-coverage="100% (1/1)"/>
            <line number="283" hits="5" branch="false"/>
            <line number="284" hits="5" branch="true" condition-coverage="100% (1/1)"/>
            <line number="285" hits="9" branch="true" condition-coverage="0% (0/1)"/>
            <line number="286" hits="5" branch="false"/>
            <line number="287" hits="5" branch="false"/>
            <line number="288" hits="6" branch="true" condition-coverage="100% (1/1)"/>
            <line number="289" hits="6" branch="false"/>
            <line number="290" hits="8" branch="true" condition-coverage="100% (1/1)"/>
            <line number="291" hits="2" branch="true" condition-coverage="100% (1/1)"/>
            <line number="292" hits="1" branch="false"/>
            <line number="293" hits="1" branch="false"/>
            <line number="294" hits="1" branch="false"/>
            <line number="295" hits="2" branch="true" condition-coverage="0% (0/1)"/>
            <line number="296" hits="0" branch="false"/>
            <line number="297" hits="0" branch="false"/>
            <line number="298" hits="1" branch="true" condition-coverage="100% (1/1)"/>
            <line number="299" hits="1" branch="false"/>
            <line number="300" hits="1" branch="true" condition-coverage="100% (1/1)"/>
            <line number="301" hits="1" branch="true" condition-coverage="0% (0/1)"/>
            <line number="302" hits="1" branch="false"/>
            <line number="303" hits="1" branch="false"/>
            <line number="304" hits="5" branch="true" condition-coverage="100% (1/1)"/>
            <line number="305" hits="5" branch="false"/>
            <line number="306" hits="5" branch="false"/>
            <line number="307" hits="5" branch="false"/>
            <line number="308" hits="5" branch="false"/>
            <line number="309" hits="5" branch="false"/>
            <line number="310" hits="5" branch="false"/>
            <line number="311" hits="5" branch="false"/>
            <line number="312" hits="5" branch="false"/>
            <line number="313" hits="5" branch="false"/>
            <line number="314" hits="5" branch="false"/>
            <line number="315" hits="5" branch="false"/>
            <line number="316" hits="5" branch="false"/>
            <line number="317" hits="5" branch="false"/>
            <line number="318" hits="5" branch="false"/>
            <line number="319" hits="5" branch="false"/>
            <line number="320" hits="1" branch="false"/>
            <line number="321" hits="1" branch="false"/>
            <line number="322" hits="1" branch="false"/>
            <line number="323" hits="10" branch="true" condition-coverage="100% (1/1)"/>
            <line number="324" hits="10" branch="false"/>
            <line number="325" hits="10" branch="false"/>
            <line number="326" hits="10" branch="false"/>
            <line number="327" hits="10" branch="false"/>
            <line number="328" hits="10" branch="true" condition-coverage="100% (1/1)"/>
            <line number="329" hits="3" branch="false"/>
            <line number="330" hits="3" branch="false"/>
            <line number="331" hits="3" branch="false"/>
            <line number="332" hits="3" branch="true" condition-coverage="0% (0/1)"/>
            <line number="333" hits="0" branch="false"/>
            <line number="334" hits="0" branch="false"/>
            <line number="335" hits="3" branch="false"/>
            <line number="336" hits="3" branch="false"/>
            <line number="337" hits="3" branch="true" condition-coverage="0% (0/1)"/>
            <line number="338" hits="0" branch="false"/>
            <line number="339" hits="0" branch="false"/>
            <line number="340" hits="3" branch="true" condition-coverage="100% (1/1)"/>
            <line number="341" hits="1" branch="false"/>
            <line number="342" hits="1" branch="false"/>
            <line number="343" hits="2" branch="true" condition-coverage="100% (1/1)"/>
            <line number="344" hits="2" branch="false"/>
            <line number="345" hits="2" branch="false"/>
            <line number="346" hits="2" branch="false"/>
            <line number="347" hits="3" branch="true" condition-coverage="0% (0/1)"/>
            <line number="348" hits="0" branch="false"/>
            <line number="349" hits="0" branch="false"/>
            <line number="350" hits="0" branch="false"/>
            <line number="351" hits="0" branch="false"/>
            <line number="352" hits="0" branch="false"/>
            <line number="353" hits="0" branch="false"/>
            <line number="354" hits="0" branch="false"/>
            <line number="355" hits="0" branch="false"/>
            <line number="356" hits="0" branch="false"/>
            <line number="357" hits="10" branch="true" condition-coverage="100% (1/1)"/>
            <line number="358" hits="7" branch="true" condition-coverage="100% (1/1)"/>
            <line number="359" hits="1" branch="false"/>
            <line number="360" hits="1" branch="false"/>
            <line number="361" hits="6" branch="true" condition-coverage="100% (1/1)"/>
            <line number="362" hits="6" branch="false"/>
            <line number="363" hits="6" branch="false"/>
            <line number="364" hits="6" branch="false"/>
            <line number="365" hits="6" branch="false"/>
            <line number="366" hits="6" branch="false"/>
            <line number="367" hits="10" branch="false"/>
          </lines>
        </class>
        <class name="index.ts" filename="src/network/nwfirewall/index.ts" line-rate="1" branch-rate="1">
          <methods>
          </methods>
          <lines>
            <line number="1" hits="1" branch="false"/>
            <line number="2" hits="1" branch="false"/>
            <line number="3" hits="1" branch="false"/>
            <line number="4" hits="1" branch="false"/>
            <line number="5" hits="1" branch="false"/>
          </lines>
        </class>
        <class name="resourceGroups.ts" filename="src/network/nwfirewall/resourceGroups.ts" line-rate="1" branch-rate="1">
          <methods>
            <method name="DynamicTagResourceGroup" hits="4" signature="()V">
              <lines>
                <line number="34" hits="4"/>
              </lines>
            </method>
            <method name="addTagFilter" hits="5" signature="()V">
              <lines>
                <line number="67" hits="5"/>
              </lines>
            </method>
          </methods>
          <lines>
            <line number="1" hits="1" branch="false"/>
            <line number="2" hits="1" branch="false"/>
            <line number="3" hits="1" branch="false"/>
            <line number="4" hits="1" branch="false"/>
            <line number="5" hits="1" branch="false"/>
            <line number="6" hits="1" branch="false"/>
            <line number="7" hits="2" branch="true" condition-coverage="100% (1/1)"/>
            <line number="8" hits="2" branch="false"/>
            <line number="9" hits="2" branch="false"/>
            <line number="10" hits="2" branch="false"/>
            <line number="11" hits="1" branch="false"/>
            <line number="12" hits="1" branch="false"/>
            <line number="13" hits="1" branch="false"/>
            <line number="14" hits="1" branch="false"/>
            <line number="15" hits="1" branch="false"/>
            <line number="16" hits="1" branch="false"/>
            <line number="17" hits="1" branch="false"/>
            <line number="18" hits="1" branch="false"/>
            <line number="19" hits="1" branch="false"/>
            <line number="20" hits="1" branch="false"/>
            <line number="21" hits="1" branch="false"/>
            <line number="22" hits="1" branch="false"/>
            <line number="23" hits="1" branch="false"/>
            <line number="24" hits="1" branch="false"/>
            <line number="25" hits="1" branch="false"/>
            <line number="26" hits="1" branch="false"/>
            <line number="27" hits="1" branch="false"/>
            <line number="28" hits="1" branch="false"/>
            <line number="29" hits="1" branch="false"/>
            <line number="30" hits="1" branch="false"/>
            <line number="31" hits="1" branch="false"/>
            <line number="32" hits="1" branch="false"/>
            <line number="33" hits="1" branch="false"/>
            <line number="34" hits="1" branch="true" condition-coverage="100% (1/1)"/>
            <line number="35" hits="4" branch="false"/>
            <line number="36" hits="4" branch="false"/>
            <line number="37" hits="4" branch="false"/>
            <line number="38" hits="4" branch="false"/>
            <line number="39" hits="4" branch="false"/>
            <line number="40" hits="4" branch="false"/>
            <line number="41" hits="4" branch="false"/>
            <line number="42" hits="4" branch="false"/>
            <line number="43" hits="4" branch="false"/>
            <line number="44" hits="4" branch="false"/>
            <line number="45" hits="4" branch="false"/>
            <line number="46" hits="4" branch="false"/>
            <line number="47" hits="4" branch="false"/>
            <line number="48" hits="4" branch="false"/>
            <line number="49" hits="4" branch="false"/>
            <line number="50" hits="4" branch="false"/>
            <line number="51" hits="4" branch="false"/>
            <line number="52" hits="4" branch="false"/>
            <line number="53" hits="4" branch="false"/>
            <line number="54" hits="4" branch="false"/>
            <line number="55" hits="4" branch="false"/>
            <line number="56" hits="4" branch="false"/>
            <line number="57" hits="4" branch="false"/>
            <line number="58" hits="4" branch="false"/>
            <line number="59" hits="4" branch="false"/>
            <line number="60" hits="4" branch="false"/>
            <line number="61" hits="4" branch="false"/>
            <line number="62" hits="4" branch="false"/>
            <line number="63" hits="4" branch="false"/>
            <line number="64" hits="4" branch="false"/>
            <line number="65" hits="4" branch="false"/>
            <line number="66" hits="1" branch="false"/>
            <line number="67" hits="1" branch="true" condition-coverage="100% (1/1)"/>
            <line number="68" hits="5" branch="false"/>
            <line number="69" hits="5" branch="false"/>
            <line number="70" hits="1" branch="false"/>
          </lines>
        </class>
        <class name="tlsInspection.ts" filename="src/network/nwfirewall/tlsInspection.ts" line-rate="1" branch-rate="1">
          <methods>
            <method name="TLSInspectionConfiguration" hits="9" signature="()V">
              <lines>
                <line number="88" hits="9"/>
              </lines>
            </method>
          </methods>
          <lines>
            <line number="1" hits="1" branch="false"/>
            <line number="2" hits="1" branch="false"/>
            <line number="3" hits="1" branch="false"/>
            <line number="4" hits="1" branch="false"/>
            <line number="5" hits="1" branch="false"/>
            <line number="6" hits="1" branch="false"/>
            <line number="7" hits="1" branch="false"/>
            <line number="8" hits="1" branch="false"/>
            <line number="9" hits="3" branch="true" condition-coverage="100% (1/1)"/>
            <line number="10" hits="3" branch="false"/>
            <line number="11" hits="3" branch="false"/>
            <line number="12" hits="3" branch="false"/>
            <line number="13" hits="1" branch="false"/>
            <line number="14" hits="1" branch="false"/>
            <line number="15" hits="1" branch="false"/>
            <line number="16" hits="1" branch="false"/>
            <line number="17" hits="1" branch="false"/>
            <line number="18" hits="1" branch="false"/>
            <line number="19" hits="1" branch="false"/>
            <line number="20" hits="1" branch="false"/>
            <line number="21" hits="1" branch="false"/>
            <line number="22" hits="1" branch="false"/>
            <line number="23" hits="1" branch="false"/>
            <line number="24" hits="1" branch="false"/>
            <line number="25" hits="1" branch="false"/>
            <line number="26" hits="1" branch="false"/>
            <line number="27" hits="1" branch="false"/>
            <line number="28" hits="1" branch="false"/>
            <line number="29" hits="1" branch="false"/>
            <line number="30" hits="1" branch="false"/>
            <line number="31" hits="1" branch="false"/>
            <line number="32" hits="1" branch="false"/>
            <line number="33" hits="1" branch="false"/>
            <line number="34" hits="1" branch="false"/>
            <line number="35" hits="1" branch="false"/>
            <line number="36" hits="1" branch="false"/>
            <line number="37" hits="1" branch="false"/>
            <line number="38" hits="3" branch="true" condition-coverage="100% (1/1)"/>
            <line number="39" hits="3" branch="false"/>
            <line number="40" hits="3" branch="false"/>
            <line number="41" hits="3" branch="false"/>
            <line number="42" hits="3" branch="false"/>
            <line number="43" hits="1" branch="false"/>
            <line number="44" hits="1" branch="false"/>
            <line number="45" hits="1" branch="false"/>
            <line number="46" hits="1" branch="false"/>
            <line number="47" hits="1" branch="false"/>
            <line number="48" hits="1" branch="false"/>
            <line number="49" hits="1" branch="false"/>
            <line number="50" hits="1" branch="false"/>
            <line number="51" hits="1" branch="false"/>
            <line number="52" hits="1" branch="false"/>
            <line number="53" hits="1" branch="false"/>
            <line number="54" hits="1" branch="false"/>
            <line number="55" hits="1" branch="false"/>
            <line number="56" hits="1" branch="false"/>
            <line number="57" hits="1" branch="false"/>
            <line number="58" hits="1" branch="false"/>
            <line number="59" hits="1" branch="false"/>
            <line number="60" hits="1" branch="false"/>
            <line number="61" hits="1" branch="false"/>
            <line number="62" hits="1" branch="false"/>
            <line number="63" hits="1" branch="false"/>
            <line number="64" hits="1" branch="false"/>
            <line number="65" hits="1" branch="false"/>
            <line number="66" hits="1" branch="false"/>
            <line number="67" hits="1" branch="false"/>
            <line number="68" hits="1" branch="false"/>
            <line number="69" hits="1" branch="false"/>
            <line number="70" hits="1" branch="false"/>
            <line number="71" hits="1" branch="false"/>
            <line number="72" hits="1" branch="false"/>
            <line number="73" hits="1" branch="false"/>
            <line number="74" hits="1" branch="false"/>
            <line number="75" hits="1" branch="false"/>
            <line number="76" hits="1" branch="false"/>
            <line number="77" hits="1" branch="false"/>
            <line number="78" hits="1" branch="false"/>
            <line number="79" hits="1" branch="false"/>
            <line number="80" hits="1" branch="false"/>
            <line number="81" hits="1" branch="false"/>
            <line number="82" hits="1" branch="false"/>
            <line number="83" hits="1" branch="false"/>
            <line number="84" hits="1" branch="false"/>
            <line number="85" hits="1" branch="false"/>
            <line number="86" hits="1" branch="false"/>
            <line number="87" hits="1" branch="false"/>
            <line number="88" hits="1" branch="true" condition-coverage="100% (1/1)"/>
            <line number="89" hits="9" branch="false"/>
            <line number="90" hits="9" branch="false"/>
            <line number="91" hits="9" branch="false"/>
            <line number="92" hits="9" branch="false"/>
            <line number="93" hits="9" branch="false"/>
            <line number="94" hits="9" branch="true" condition-coverage="100% (1/1)"/>
            <line number="95" hits="10" branch="false"/>
            <line number="96" hits="10" branch="false"/>
            <line number="97" hits="10" branch="true" condition-coverage="100% (2/2)"/>
            <line number="98" hits="1" branch="false"/>
            <line number="99" hits="1" branch="false"/>
            <line number="100" hits="10" branch="true" condition-coverage="100% (3/3)"/>
            <line number="101" hits="1" branch="false"/>
            <line number="102" hits="1" branch="false"/>
            <line number="103" hits="8" branch="true" condition-coverage="100% (1/1)"/>
            <line number="104" hits="8" branch="false"/>
            <line number="105" hits="8" branch="false"/>
            <line number="106" hits="8" branch="false"/>
            <line number="107" hits="8" branch="false"/>
            <line number="108" hits="8" branch="false"/>
            <line number="109" hits="8" branch="false"/>
            <line number="110" hits="8" branch="false"/>
            <line number="111" hits="8" branch="false"/>
            <line number="112" hits="8" branch="false"/>
            <line number="113" hits="8" branch="false"/>
            <line number="114" hits="8" branch="false"/>
            <line number="115" hits="8" branch="false"/>
            <line number="116" hits="8" branch="false"/>
            <line number="117" hits="8" branch="false"/>
            <line number="118" hits="8" branch="false"/>
            <line number="119" hits="8" branch="false"/>
            <line number="120" hits="8" branch="false"/>
            <line number="121" hits="8" branch="false"/>
            <line number="122" hits="8" branch="false"/>
            <line number="123" hits="10" branch="true" condition-coverage="100% (1/1)"/>
            <line number="124" hits="6" branch="false"/>
            <line number="125" hits="6" branch="false"/>
            <line number="126" hits="6" branch="false"/>
            <line number="127" hits="6" branch="false"/>
            <line number="128" hits="6" branch="false"/>
            <line number="129" hits="6" branch="false"/>
            <line number="130" hits="8" branch="true" condition-coverage="100% (1/1)"/>
            <line number="131" hits="10" branch="true" condition-coverage="100% (1/1)"/>
            <line number="132" hits="2" branch="false"/>
            <line number="133" hits="2" branch="true" condition-coverage="100% (1/1)"/>
            <line number="134" hits="3" branch="false"/>
            <line number="135" hits="2" branch="false"/>
            <line number="136" hits="2" branch="false"/>
            <line number="137" hits="2" branch="false"/>
            <line number="138" hits="2" branch="false"/>
            <line number="139" hits="2" branch="false"/>
            <line number="140" hits="10" branch="false"/>
            <line number="141" hits="9" branch="false"/>
            <line number="142" hits="9" branch="false"/>
            <line number="143" hits="9" branch="false"/>
            <line number="144" hits="9" branch="false"/>
            <line number="145" hits="9" branch="false"/>
            <line number="146" hits="9" branch="false"/>
            <line number="147" hits="9" branch="false"/>
            <line number="148" hits="9" branch="false"/>
            <line number="149" hits="9" branch="false"/>
            <line number="150" hits="9" branch="false"/>
            <line number="151" hits="9" branch="false"/>
            <line number="152" hits="9" branch="false"/>
            <line number="153" hits="9" branch="false"/>
            <line number="154" hits="9" branch="false"/>
            <line number="155" hits="9" branch="false"/>
            <line number="156" hits="1" branch="false"/>
          </lines>
        </class>
      </classes>
    </package>
  </packages>
</coverage>
